[debug] [2025-10-30T19:52:17.573Z] ----------------------------------------------------------------------
[debug] [2025-10-30T19:52:17.577Z] Command:       C:\Program Files\nodejs\node.exe C:\Users\User\AppData\Roaming\npm\node_modules\firebase-tools\lib\bin\firebase.js init functions
[debug] [2025-10-30T19:52:17.577Z] CLI Version:   14.22.0
[debug] [2025-10-30T19:52:17.577Z] Platform:      win32
[debug] [2025-10-30T19:52:17.578Z] Node Version:  v22.19.0
[debug] [2025-10-30T19:52:17.578Z] Time:          Thu Oct 30 2025 22:52:17 GMT+0300 (East Africa Time)
[debug] [2025-10-30T19:52:17.578Z] ----------------------------------------------------------------------
[debug] 
[info] 
     ######## #### ########  ######## ########     ###     ######  ########
     ##        ##  ##     ## ##       ##     ##  ##   ##  ##       ##
     ######    ##  ########  ######   ########  #########  ######  ######
     ##        ##  ##    ##  ##       ##     ## ##     ##       ## ##
     ##       #### ##     ## ######## ########  ##     ##  ######  ########

You're about to initialize a Firebase project in this directory:

  C:\Users\User\Desktop\my codes\blog\my-blog

[info] 
=== Project Setup
[info] 
[info] First, let's associate this project directory with a Firebase project.
[info] You can create multiple project aliases by running firebase use --add, 
[info] 
[debug] [2025-10-30T19:52:38.924Z] > command requires scopes: ["email","openid","https://www.googleapis.com/auth/cloudplatformprojects.readonly","https://www.googleapis.com/auth/firebase","https://www.googleapis.com/auth/cloud-platform"]
[debug] [2025-10-30T19:52:38.924Z] > authorizing via signed-in user (edwin.kariuki@mylemonade.io)
[debug] [2025-10-30T19:52:38.926Z] Checked if tokens are valid: false, expires at: 1761066826879
[debug] [2025-10-30T19:52:38.926Z] Checked if tokens are valid: false, expires at: 1761066826879
[debug] [2025-10-30T19:52:38.927Z] > refreshing access token with scopes: []
[debug] [2025-10-30T19:52:38.930Z] >>> [apiv2][query] POST https://www.googleapis.com/oauth2/v3/token [none]
[debug] [2025-10-30T19:52:38.930Z] >>> [apiv2][body] POST https://www.googleapis.com/oauth2/v3/token [omitted]
[debug] [2025-10-30T19:52:39.352Z] <<< [apiv2][status] POST https://www.googleapis.com/oauth2/v3/token 400
[debug] [2025-10-30T19:52:39.352Z] <<< [apiv2][body] POST https://www.googleapis.com/oauth2/v3/token [omitted]
[error] Authentication Error: Your credentials are no longer valid. Please run firebase login --reauth

For CI servers and headless environments, generate a new token with firebase login:ci
[error] Authentication Error: Your credentials are no longer valid. Please run firebase login --reauth

For CI servers and headless environments, generate a new token with firebase login:ci
[debug] [2025-10-30T19:52:39.353Z] Authentication Error: Your credentials are no longer valid. Please run firebase login --reauth

For CI servers and headless environments, generate a new token with firebase login:ci
[debug] [2025-10-30T19:52:39.653Z] FirebaseError: Authentication Error: Your credentials are no longer valid. Please run firebase login --reauth

For CI servers and headless environments, generate a new token with firebase login:ci
    at invalidCredentialError (C:\Users\User\AppData\Roaming\npm\node_modules\firebase-tools\lib\auth.js:167:12)
    at refreshTokens (C:\Users\User\AppData\Roaming\npm\node_modules\firebase-tools\lib\auth.js:591:15)
    at process.processTicksAndRejections (node:internal/process/task_queues:105:5)
    at async getAccessToken (C:\Users\User\AppData\Roaming\npm\node_modules\firebase-tools\lib\apiv2.js:42:18)
    at async Client.addAuthHeader (C:\Users\User\AppData\Roaming\npm\node_modules\firebase-tools\lib\apiv2.js:169:21)
    at async Client.request (C:\Users\User\AppData\Roaming\npm\node_modules\firebase-tools\lib\apiv2.js:120:34)
    at async getProjectPage (C:\Users\User\AppData\Roaming\npm\node_modules\firebase-tools\lib\management\projects.js:279:17)
    at async getFirebaseProjectPage (C:\Users\User\AppData\Roaming\npm\node_modules\firebase-tools\lib\management\projects.js:296:23)
    at async selectProjectInteractively (C:\Users\User\AppData\Roaming\npm\node_modules\firebase-tools\lib\management\projects.js:138:41)
    at async Object.doSetup (C:\Users\User\AppData\Roaming\npm\node_modules\firebase-tools\lib\init\features\project.js:57:24)
[error] 
[error] Error: Failed to list Firebase projects. See firebase-debug.log for more info.
[debug] [2025-10-30T19:52:52.334Z] ----------------------------------------------------------------------
[debug] [2025-10-30T19:52:52.337Z] Command:       C:\Program Files\nodejs\node.exe C:\Users\User\AppData\Roaming\npm\node_modules\firebase-tools\lib\bin\firebase.js init functions
[debug] [2025-10-30T19:52:52.338Z] CLI Version:   14.22.0
[debug] [2025-10-30T19:52:52.338Z] Platform:      win32
[debug] [2025-10-30T19:52:52.338Z] Node Version:  v22.19.0
[debug] [2025-10-30T19:52:52.339Z] Time:          Thu Oct 30 2025 22:52:52 GMT+0300 (East Africa Time)
[debug] [2025-10-30T19:52:52.339Z] ----------------------------------------------------------------------
[debug] 
[info] 
     ######## #### ########  ######## ########     ###     ######  ########
     ##        ##  ##     ## ##       ##     ##  ##   ##  ##       ##
     ######    ##  ########  ######   ########  #########  ######  ######
     ##        ##  ##    ##  ##       ##     ## ##     ##       ## ##
     ##       #### ##     ## ######## ########  ##     ##  ######  ########

You're about to initialize a Firebase project in this directory:

  C:\Users\User\Desktop\my codes\blog\my-blog

[info] 
=== Project Setup
[info] 
[info] First, let's associate this project directory with a Firebase project.
[info] You can create multiple project aliases by running firebase use --add, 
[info] 
[debug] [2025-10-30T19:53:37.874Z] > command requires scopes: ["email","openid","https://www.googleapis.com/auth/cloudplatformprojects.readonly","https://www.googleapis.com/auth/firebase","https://www.googleapis.com/auth/cloud-platform"]
[debug] [2025-10-30T19:53:37.875Z] > authorizing via signed-in user (edwin.kariuki@mylemonade.io)
[debug] [2025-10-30T19:53:37.876Z] Checked if tokens are valid: false, expires at: 1761066826879
[debug] [2025-10-30T19:53:37.877Z] Checked if tokens are valid: false, expires at: 1761066826879
[debug] [2025-10-30T19:53:37.877Z] > refreshing access token with scopes: []
[debug] [2025-10-30T19:53:37.879Z] >>> [apiv2][query] POST https://www.googleapis.com/oauth2/v3/token [none]
[debug] [2025-10-30T19:53:37.879Z] >>> [apiv2][body] POST https://www.googleapis.com/oauth2/v3/token [omitted]
[debug] [2025-10-30T19:53:38.296Z] <<< [apiv2][status] POST https://www.googleapis.com/oauth2/v3/token 400
[debug] [2025-10-30T19:53:38.296Z] <<< [apiv2][body] POST https://www.googleapis.com/oauth2/v3/token [omitted]
[error] Authentication Error: Your credentials are no longer valid. Please run firebase login --reauth

For CI servers and headless environments, generate a new token with firebase login:ci
[error] Authentication Error: Your credentials are no longer valid. Please run firebase login --reauth

For CI servers and headless environments, generate a new token with firebase login:ci
[debug] [2025-10-30T19:53:38.297Z] Authentication Error: Your credentials are no longer valid. Please run firebase login --reauth

For CI servers and headless environments, generate a new token with firebase login:ci
[debug] [2025-10-30T19:53:38.593Z] FirebaseError: Authentication Error: Your credentials are no longer valid. Please run firebase login --reauth

For CI servers and headless environments, generate a new token with firebase login:ci
    at invalidCredentialError (C:\Users\User\AppData\Roaming\npm\node_modules\firebase-tools\lib\auth.js:167:12)
    at refreshTokens (C:\Users\User\AppData\Roaming\npm\node_modules\firebase-tools\lib\auth.js:591:15)
    at process.processTicksAndRejections (node:internal/process/task_queues:105:5)
    at async getAccessToken (C:\Users\User\AppData\Roaming\npm\node_modules\firebase-tools\lib\apiv2.js:42:18)
    at async Client.addAuthHeader (C:\Users\User\AppData\Roaming\npm\node_modules\firebase-tools\lib\apiv2.js:169:21)
    at async Client.request (C:\Users\User\AppData\Roaming\npm\node_modules\firebase-tools\lib\apiv2.js:120:34)
    at async getProjectPage (C:\Users\User\AppData\Roaming\npm\node_modules\firebase-tools\lib\management\projects.js:279:17)
    at async getFirebaseProjectPage (C:\Users\User\AppData\Roaming\npm\node_modules\firebase-tools\lib\management\projects.js:296:23)
    at async selectProjectInteractively (C:\Users\User\AppData\Roaming\npm\node_modules\firebase-tools\lib\management\projects.js:138:41)
    at async Object.doSetup (C:\Users\User\AppData\Roaming\npm\node_modules\firebase-tools\lib\init\features\project.js:57:24)
[error] 
[error] Error: Failed to list Firebase projects. See firebase-debug.log for more info.
